Case #1: our language is impossible to understand
Case #2: there are twenty six factorial possibilities
Case #3: so it is okay if you want to just give up
Case #4: xoggk d yl wxo vkkvgo ekso uyl wonw sywy
Case #5: xkf yto akj
Case #6: yabba dabba yabba dabba yabba dabba yabba dabba yabba dabba yabba dabba yabba dabba yabba dooooooooo
Case #7: a b c d e f g h i j k l m n o p q r s t u v y w x y z now i know my abcs
Case #8: next time wont you sing with me
Case #9: by the pricking of my thumbs something wicked this way comes
Case #10: how are you holding up because im a potato
Case #11: oh nooooo goggalor is headed for the orphanage
Case #12: oh my god lets make out
Case #13: you better cut the pizza in four pieces because im not hungry enough to eat six
Case #14: translating text is not goros strength
Case #15: strength is goros strength
Case #16: friends dont let friends let scientific progress go boink
Case #17: oh hai im in ur computer eating your cheezburgers and googleresing your textz
Case #18: why do programmers always mix up halloween and christmas
Case #19: now that you know googlerese please do not use it to hack into our systems
Case #20: an eye for an eye and a pigeon for a pigeon
Case #21: right i forgot here in the states you call it a sausage in the mouth
Case #22: buff tryndamere and amumu
Case #23: you know you want to
Case #24: this is so exciting i have to go the bathroom
Case #25: all your base are belong to error the spoony bard
Case #26: oh yeah alright were gonna shake it up with the party bear tonight
Case #27: each of us has his own special gift and you know this was meant to be true
Case #28: and if you dont underestimate me i wont underestimate you
Case #29: i have bested fruit spike and moon now i shall best you the guy
Case #30: in a world of direwolves and lions sometimes the rarest creature is a friend
