Case #1: *im
Case #2: *ap*
Case #3: b
Case #4: ov*
Case #5: mqmm*
Case #6: oqtoqt
Case #7: js*
Case #8: *wg*
Case #9: ve*
Case #10: *kfq*
Case #11: ii*
Case #12: *dc
Case #13: mu*
Case #14: *wj
Case #15: *vaya
Case #16: *aaaa
Case #17: *vwevw*
Case #18: *pq*
Case #19: uuuu*
Case #20: rm*
Case #21: *ayay*
Case #22: *f*
Case #23: zzl*
Case #24: kki*
Case #25: sssss*
Case #26: *eb
Case #27: *vfv*
Case #28: lala
Case #29: dcdcdc
Case #30: *peee
Case #31: hl*
Case #32: *rfrrr
Case #33: hhm*
Case #34: *myy*
Case #35: *jb
Case #36: up*
Case #37: *p*
Case #38: *fffff
Case #39: ooo*
Case #40: kv*
Case #41: jj
Case #42: ssssssssss
Case #43: *u*
Case #44: *wvvv
Case #45: ny
Case #46: *utuut*
Case #47: *gere
Case #48: rv*
Case #49: *u*
Case #50: *u*
Case #51: *dd*
Case #52: *uz
Case #53: *vk
Case #54: *tktk
Case #55: aa*
Case #56: lu
Case #57: lllu*
Case #58: uo*
Case #59: gly
Case #60: *cm*
Case #61: *zzz
Case #62: *cp*
Case #63: pppppppppp
Case #64: *d*
Case #65: iiiii*
Case #66: djlmn
Case #67: eeez*
Case #68: *s*
Case #69: *sss*
Case #70: *qndn
Case #71: *nf
Case #72: *i*
Case #73: mmmm*
Case #74: cc*
Case #75: *lln*
Case #76: *ff*
Case #77: *c*
Case #78: *de
Case #79: ajj
Case #80: jjjjjjjjjj
Case #81: *kk
Case #82: *fz
Case #83: *cccc
Case #84: *fffff
Case #85: oo*
Case #86: pb*
Case #87: *bjj
Case #88: *ddddd
Case #89: q
Case #90: ft*
Case #91: *wnn
Case #92: cww
Case #93: sisi
Case #94: *dtdt
Case #95: jvnzd
Case #96: *pccc
Case #97: *pf*
Case #98: *m*
Case #99: *wh*
Case #100: *gqg*
