Case #1: *afff
Case #2: *yfzf
Case #3: *f*
Case #4: ggggg*
Case #5: *m*
Case #6: kky*
Case #7: *maa
Case #8: prr
Case #9: *ww*
Case #10: *id
Case #11: bvbvbv
Case #12: *op
Case #13: *eesee
Case #14: *tww*
Case #15: *hhhh
Case #16: ahjlo
Case #17: *uju*
Case #18: ijij
Case #19: uuu*
Case #20: *wwwww
Case #21: *ru
Case #22: hhhhh*
Case #23: *ccc
Case #24: h
Case #25: *b*
Case #26: *qgq
Case #27: *yuyuy
Case #28: *aa
Case #29: *il
Case #30: *oooo
Case #31: hr
Case #32: *jg
Case #33: sss*
Case #34: *ece*
Case #35: gr*
Case #36: *uu*
Case #37: *clrl
Case #38: *npsnp*
Case #39: pppp*
Case #40: *zzzzzzzz
Case #41: *bll
Case #42: yyyy*
Case #43: jmjm
Case #44: dddd*
Case #45: *hbbb
Case #46: drwdrw
Case #47: *yy*
Case #48: *wy
Case #49: *ua
Case #50: mvv
Case #51: *q*
Case #52: cccr*
Case #53: *z*
Case #54: *m*
Case #55: hhhhs*
Case #56: *us*
Case #57: *bp
Case #58: *ppppp
Case #59: *iiii
Case #60: *cck*
Case #61: *hy*
Case #62: bbbbbbbbbb
Case #63: fmv
Case #64: *uku
Case #65: *ui
Case #66: *yh
Case #67: *ez
Case #68: *mrmr
Case #69: *ccccc
Case #70: *ur
Case #71: *ah
Case #72: uuu*
Case #73: *ww*
Case #74: *qbvb
Case #75: *gi*
Case #76: ii
Case #77: f
Case #78: ny
Case #79: hh*
Case #80: aaaa*
Case #81: *dj
Case #82: *oi
Case #83: kt*
Case #84: *ddddd
Case #85: ppp*
Case #86: dg*
Case #87: qstuy
Case #88: *hr*
Case #89: *gy
Case #90: *lel*
Case #91: *ia*
Case #92: *td
Case #93: *olll
Case #94: *lddd
Case #95: hhhf*
Case #96: *rrrrr
Case #97: *lilli*
Case #98: *jil*
Case #99: cccccccccc
Case #100: mf*
